<?xml version="1.0" encoding="UTF-8"?>
<!-- Generated by org.testng.reporters.JUnitXMLReporter -->
<testsuite ignored="0" hostname="LAPTOP-CJ1P4A3I" failures="0" tests="2" name="Test" time="5.769" errors="0" timestamp="2024-03-12T16:22:05 IST">
  <testcase classname="TestRun.TestMain" name="@BeforeMethod setUp" time="2.515">
    <failure type="java.lang.NullPointerException" message="Cannot invoke &amp;quot;org.openqa.selenium.WebDriver.manage()&amp;quot; because &amp;quot;this.driver&amp;quot; is null">
      <![CDATA[java.lang.NullPointerException: Cannot invoke "org.openqa.selenium.WebDriver.manage()" because "this.driver" is null
at TestRun.TestMain.setUp(TestMain.java:46)
at java.base/java.util.concurrent.ThreadPoolExecutor.runWorker(ThreadPoolExecutor.java:1130)
at java.base/java.util.concurrent.ThreadPoolExecutor$Worker.run(ThreadPoolExecutor.java:630)
at java.base/java.lang.Thread.run(Thread.java:832)
... Removed 16 stack frames]]>
    </failure>
  </testcase> <!-- @BeforeMethod setUp -->
  <testcase classname="TestRun.TestMain" name="@AfterMethod tearDown" time="-1.710240722069E9">
    <skipped/>
  </testcase> <!-- @AfterMethod tearDown -->
  <testcase classname="TestRun.TestMain2" name="@BeforeMethod setUp" time="5.742">
    <failure type="java.lang.NullPointerException" message="Cannot invoke &amp;quot;org.openqa.selenium.WebDriver.manage()&amp;quot; because &amp;quot;this.driver&amp;quot; is null">
      <![CDATA[java.lang.NullPointerException: Cannot invoke "org.openqa.selenium.WebDriver.manage()" because "this.driver" is null
at TestRun.TestMain2.setUp(TestMain2.java:36)
at java.base/java.util.concurrent.ThreadPoolExecutor.runWorker(ThreadPoolExecutor.java:1130)
at java.base/java.util.concurrent.ThreadPoolExecutor$Worker.run(ThreadPoolExecutor.java:630)
at java.base/java.lang.Thread.run(Thread.java:832)
... Removed 16 stack frames]]>
    </failure>
  </testcase> <!-- @BeforeMethod setUp -->
  <testcase classname="TestRun.TestMain" name="testAddProductToCart" time="0.0">
    <skipped/>
  </testcase> <!-- testAddProductToCart -->
  <testcase classname="TestRun.TestMain2" name="verifyincrementcount" time="0.0">
    <skipped/>
  </testcase> <!-- verifyincrementcount -->
</testsuite> <!-- Test -->
