<?xml version="1.0" encoding="UTF-8"?>
<!-- Generated by org.testng.reporters.JUnitXMLReporter -->
<testsuite ignored="0" hostname="LAPTOP-CJ1P4A3I" failures="0" tests="2" name="TestMain" time="7.892" errors="0" timestamp="13 Mar 2024 01:53:21 GMT">
  <testcase classname="TestRun.TestMain2" name="@BeforeTest setUp" time="5.621">
    <failure type="org.openqa.selenium.SessionNotCreatedException" message="Could not start a new session. Response code 500. Message: Failed to decode response from marionette 
Host info: host: &amp;apos;LAPTOP-CJ1P4A3I&amp;apos;, ip: &amp;apos;192.168.29.174&amp;apos;
Build info: version: &amp;apos;4.11.0&amp;apos;, revision: &amp;apos;040bc5406b&amp;apos;
System info: os.name: &amp;apos;Windows 10&amp;apos;, os.arch: &amp;apos;amd64&amp;apos;, os.version: &amp;apos;10.0&amp;apos;, java.version: &amp;apos;15.0.1&amp;apos;
Driver info: org.openqa.selenium.firefox.FirefoxDriver
Command: [null, newSession {capabilities=[Capabilities {acceptInsecureCerts: true, browserName: firefox, moz:debuggerAddress: true, moz:firefoxOptions: {binary: C:\Program Files\Mozilla Fi...}}]}]">
      <![CDATA[org.openqa.selenium.SessionNotCreatedException: Could not start a new session. Response code 500. Message: Failed to decode response from marionette 
Host info: host: 'LAPTOP-CJ1P4A3I', ip: '192.168.29.174'
Build info: version: '4.11.0', revision: '040bc5406b'
System info: os.name: 'Windows 10', os.arch: 'amd64', os.version: '10.0', java.version: '15.0.1'
Driver info: org.openqa.selenium.firefox.FirefoxDriver
Command: [null, newSession {capabilities=[Capabilities {acceptInsecureCerts: true, browserName: firefox, moz:debuggerAddress: true, moz:firefoxOptions: {binary: C:\Program Files\Mozilla Fi...}}]}]
at org.openqa.selenium.remote.ProtocolHandshake.createSession(ProtocolHandshake.java:140)
at org.openqa.selenium.remote.ProtocolHandshake.createSession(ProtocolHandshake.java:96)
at org.openqa.selenium.remote.ProtocolHandshake.createSession(ProtocolHandshake.java:68)
at org.openqa.selenium.remote.HttpCommandExecutor.execute(HttpCommandExecutor.java:163)
at org.openqa.selenium.remote.service.DriverCommandExecutor.invokeExecute(DriverCommandExecutor.java:196)
at org.openqa.selenium.remote.service.DriverCommandExecutor.execute(DriverCommandExecutor.java:171)
at org.openqa.selenium.remote.RemoteWebDriver.execute(RemoteWebDriver.java:518)
at org.openqa.selenium.remote.RemoteWebDriver.startSession(RemoteWebDriver.java:232)
at org.openqa.selenium.remote.RemoteWebDriver.<init>(RemoteWebDriver.java:159)
at org.openqa.selenium.firefox.FirefoxDriver.<init>(FirefoxDriver.java:156)
at org.openqa.selenium.firefox.FirefoxDriver.<init>(FirefoxDriver.java:151)
at org.openqa.selenium.firefox.FirefoxDriver.<init>(FirefoxDriver.java:132)
at org.openqa.selenium.firefox.FirefoxDriver.<init>(FirefoxDriver.java:127)
at org.openqa.selenium.firefox.FirefoxDriver.<init>(FirefoxDriver.java:112)
at Utils.FirefoxDriverManager.createDriver(FirefoxDriverManager.java:38)
at Utils.WebDriverManager.getDriver(WebDriverManager.java:66)
at TestRun.TestMain2.setUp(TestMain2.java:35)
... Removed 24 stack frames]]>
    </failure>
  </testcase> <!-- @BeforeTest setUp -->
  <testcase classname="TestRun.TestMain" name="@AfterTest tearDown" time="0.0">
    <skipped/>
  </testcase> <!-- @AfterTest tearDown -->
  <testcase classname="TestRun.TestMain2" name="@AfterTest tearDown" time="0.0">
    <skipped/>
  </testcase> <!-- @AfterTest tearDown -->
  <testcase classname="TestRun.TestMain" name="testAddProductToCart" time="0.0">
    <skipped/>
  </testcase> <!-- testAddProductToCart -->
  <testcase classname="TestRun.TestMain2" name="verifyincrementcount" time="0.0">
    <skipped/>
  </testcase> <!-- verifyincrementcount -->
</testsuite> <!-- TestMain -->
