<?xml version="1.0" encoding="UTF-8"?>
<testng-results ignored="0" total="1" passed="1" failed="0" skipped="0">
  <reporter-output>
  </reporter-output>
  <suite started-at="2024-03-07T20:22:21 IST" name="Default suite" finished-at="2024-03-07T20:22:33 IST" duration-ms="11647">
    <groups>
    </groups>
    <test started-at="2024-03-07T20:22:21 IST" name="Default test" finished-at="2024-03-07T20:22:33 IST" duration-ms="11647">
      <class name="TestRun.TestMain">
        <test-method is-config="true" signature="setUp()[pri:0, instance:TestRun.TestMain@27462a88]" started-at="2024-03-07T20:22:21 IST" name="setUp" finished-at="2024-03-07T20:22:25 IST" duration-ms="4017" status="PASS">
          <reporter-output>
          </reporter-output>
        </test-method> <!-- setUp -->
        <test-method signature="testAddProductToCart()[pri:0, instance:TestRun.TestMain@27462a88]" started-at="2024-03-07T20:22:25 IST" name="testAddProductToCart" finished-at="2024-03-07T20:22:32 IST" duration-ms="6910" status="PASS">
          <reporter-output>
          </reporter-output>
        </test-method> <!-- testAddProductToCart -->
        <test-method is-config="true" signature="tearDown()[pri:0, instance:TestRun.TestMain@27462a88]" started-at="2024-03-07T20:22:32 IST" name="tearDown" finished-at="2024-03-07T20:22:33 IST" duration-ms="683" status="PASS">
          <reporter-output>
          </reporter-output>
        </test-method> <!-- tearDown -->
      </class> <!-- TestRun.TestMain -->
    </test> <!-- Default test -->
  </suite> <!-- Default suite -->
</testng-results>
