<?xml version="1.0" encoding="UTF-8"?>
<testng-results ignored="0" total="2" passed="2" failed="0" skipped="0">
  <reporter-output>
  </reporter-output>
  <suite started-at="2024-03-15T22:02:24Z" name="WebDriverTestSuite" finished-at="2024-03-15T22:02:38Z" duration-ms="14740">
    <groups>
    </groups>
    <test started-at="2024-03-15T22:02:24Z" name="TestMain" finished-at="2024-03-15T22:02:38Z" duration-ms="14740">
      <class name="TestRun.TestMain">
        <test-method is-config="true" signature="setUp()[pri:0, instance:TestRun.TestMain@2bd08376]" started-at="2024-03-15T22:02:24Z" name="setUp" finished-at="2024-03-15T22:02:26Z" duration-ms="2144" status="PASS">
          <reporter-output>
          </reporter-output>
        </test-method> <!-- setUp -->
        <test-method is-config="true" signature="setUp()[pri:0, instance:TestRun.TestMain2@e70f13a]" started-at="2024-03-15T22:02:26Z" name="setUp" finished-at="2024-03-15T22:02:33Z" duration-ms="6983" status="PASS">
          <reporter-output>
          </reporter-output>
        </test-method> <!-- setUp -->
        <test-method signature="testAddProductToCart()[pri:0, instance:TestRun.TestMain@2bd08376]" started-at="2024-03-15T22:02:33Z" name="testAddProductToCart" finished-at="2024-03-15T22:02:37Z" duration-ms="4056" status="PASS">
          <reporter-output>
          </reporter-output>
        </test-method> <!-- testAddProductToCart -->
        <test-method is-config="true" signature="tearDown()[pri:0, instance:TestRun.TestMain@2bd08376]" started-at="2024-03-15T22:02:37Z" name="tearDown" finished-at="2024-03-15T22:02:38Z" duration-ms="618" status="PASS">
          <reporter-output>
          </reporter-output>
        </test-method> <!-- tearDown -->
        <test-method is-config="true" signature="tearDown()[pri:0, instance:TestRun.TestMain2@e70f13a]" started-at="2024-03-15T22:02:38Z" name="tearDown" finished-at="2024-03-15T22:02:38Z" duration-ms="922" status="PASS">
          <reporter-output>
          </reporter-output>
        </test-method> <!-- tearDown -->
      </class> <!-- TestRun.TestMain -->
      <class name="TestRun.TestMain2">
        <test-method signature="verifyincrementcount()[pri:0, instance:TestRun.TestMain2@e70f13a]" started-at="2024-03-15T22:02:33Z" name="verifyincrementcount" finished-at="2024-03-15T22:02:36Z" duration-ms="3333" status="PASS">
          <reporter-output>
          </reporter-output>
        </test-method> <!-- verifyincrementcount -->
      </class> <!-- TestRun.TestMain2 -->
    </test> <!-- TestMain -->
  </suite> <!-- WebDriverTestSuite -->
</testng-results>
